#
# A fatal error has been detected by the Java Runtime Environment:
#
#  SIGSEGV (0xb) at pc=0x00007fb601069cba, pid=27204, tid=0x00007fb5e8690700
#
# JRE version: Java(TM) SE Runtime Environment (8.0_171-b11) (build 1.8.0_171-b11)
# Java VM: Java HotSpot(TM) 64-Bit Server VM (25.171-b11 mixed mode linux-amd64 compressed oops)
# Problematic frame:
# v  ~BufferBlob::jni_fast_GetLongField
#
# Failed to write core dump. Core dumps have been disabled. To enable core dumping, try "ulimit -c unlimited" before starting Java again
#
# If you would like to submit a bug report, please visit:
#   http://bugreport.java.com/bugreport/crash.jsp
# The crash happened outside the Java Virtual Machine in native code.
# See problematic frame for where to report the bug.
#

---------------  T H R E A D  ---------------

Current thread (0x00007fb610295800):  JavaThread "AWT-XAWT" daemon [_thread_in_native, id=27224, stack(0x00007fb5e8590000,0x00007fb5e8691000)]

siginfo: si_signo: 11 (SIGSEGV), si_code: 1 (SEGV_MAPERR), si_addr: 0x0000000000000000

Registers:
RAX=0x00007fb61736a4c0, RBX=0x00007fb6102959f8, RCX=0x00007fb617dea300, RDX=0x0000000000000042
RSP=0x00007fb5e868f6c8, RBP=0x00007fb5e868f6f0, RSI=0x0000000000000000, RDI=0x00007fb6102959f8
R8 =0x00000000000001f4, R9 =0x0000000000000000, R10=0x0000000000000026, R11=0x00007fb616da53b0
R12=0x00007fb5b8013390, R13=0x0000000000000000, R14=0x00007fb5ea63b820, R15=0x00007fb610295800
RIP=0x00007fb601069cba, EFLAGS=0x0000000000010246, CSGSFS=0x002b000000000033, ERR=0x0000000000000004
  TRAPNO=0x000000000000000e

Top of Stack: (sp=0x00007fb5e868f6c8)
0x00007fb5e868f6c8:   00007fb5ea41a001 00007fb6008fd058
0x00007fb5e868f6d8:   00007fb5b8013390 00007fb6008fd058
0x00007fb5e868f6e8:   00007fb5e868f7d8 0000000000000000
0x00007fb5e868f6f8:   00007fb5e9efc300 00007fb6008fd058
0x00007fb5e868f708:   00007fb5e868f730 0000000000000000
0x00007fb5e868f718:   00007fb5e9ef3e23 00007fb6008fd058
0x00007fb5e868f728:   00007fb5ea41323f 00007fb5e868f7a0
0x00007fb5e868f738:   00007fb6010186c7 00007fb5e868f820
0x00007fb5e868f748:   00007fb60142d00c 00007fb5e868f820
0x00007fb5e868f758:   00007fb60148fc94 00007fb5e868f760
0x00007fb5e868f768:   0000000000000000 00007fb5e868f7d8
0x00007fb5e868f778:   00007fb6009016e8 0000000000000000
0x00007fb5e868f788:   00007fb6008fd058 0000000000000000
0x00007fb5e868f798:   00007fb5e868f7c0 00007fb5e868f820
0x00007fb5e868f7a8:   00007fb601007a90 00000000d765a9d0
0x00007fb5e868f7b8:   00007fb601011d00 0000000000000000
0x00007fb5e868f7c8:   00007fb5e868f820 00007fb5c0003090
0x00007fb5e868f7d8:   00000000d77581c8 00007fb5e868f7e0
0x00007fb5e868f7e8:   00007fb6009ee29c 00007fb5e868f868
0x00007fb5e868f7f8:   00007fb6009f7288 0000000000000000
0x00007fb5e868f808:   00007fb6009ee3d8 00007fb5e868f7c0
0x00007fb5e868f818:   00007fb5e868f860 00007fb5e868f8b0
0x00007fb5e868f828:   00007fb6010082bd 0000000000000000
0x00007fb5e868f838:   00000000d85e8928 00000000d8420690
0x00007fb5e868f848:   0000000000000000 0000000000000000
0x00007fb5e868f858:   00000000d77581c8 0000000000000000
0x00007fb5e868f868:   00000000d76a0740 00007fb5e868f870
0x00007fb5e868f878:   00007fb6009ee0dd 00007fb5e868f8c0
0x00007fb5e868f888:   00007fb6009f7288 0000000000000000
0x00007fb5e868f898:   00007fb6009ee0e8 00007fb5e868f860
0x00007fb5e868f8a8:   00007fb5e868f8c0 00007fb5e868f908
0x00007fb5e868f8b8:   00007fb601008302 00000000d76a0740 

Instructions: (pc=0x00007fb601069cba)
0x00007fb601069c9a:   00 00 00 00 00 00 44 8b 15 41 03 34 16 4c 8b ce
0x00007fb601069caa:   41 f6 c2 01 0f 85 2e 00 00 00 4d 33 ca 4d 33 ca
0x00007fb601069cba:   4d 8b 09 4c 8b da 49 c1 eb 02 4b 8b 04 19 49 bb
0x00007fb601069cca:   e8 9f 3a 17 b6 7f 00 00 4c 33 d8 4c 33 d8 45 3b 

Register to memory mapping:

RAX=0x00007fb61736a4c0: <offset 0xf914c0> in /usr/lib/jvm/java-8-oracle/jre/lib/amd64/server/libjvm.so at 0x00007fb6163d9000
RBX=0x00007fb6102959f8 is an unknown value
RCX=0x00007fb617dea300: <offset 0x21a300> in /lib/x86_64-linux-gnu/libpthread.so.0 at 0x00007fb617bd0000
RDX=0x0000000000000042 is an unknown value
RSP=0x00007fb5e868f6c8 is pointing into the stack for thread: 0x00007fb610295800
RBP=0x00007fb5e868f6f0 is pointing into the stack for thread: 0x00007fb610295800
RSI=0x0000000000000000 is an unknown value
RDI=0x00007fb6102959f8 is an unknown value
R8 =0x00000000000001f4 is an unknown value
R9 =0x0000000000000000 is an unknown value
R10=0x0000000000000026 is an unknown value
R11=0x00007fb616da53b0: <offset 0x9cc3b0> in /usr/lib/jvm/java-8-oracle/jre/lib/amd64/server/libjvm.so at 0x00007fb6163d9000
R12=0x00007fb5b8013390 is an unknown value
R13=0x0000000000000000 is an unknown value
R14=0x00007fb5ea63b820: <offset 0x258820> in /usr/lib/jvm/java-8-oracle/jre/lib/amd64/libawt_xawt.so at 0x00007fb5ea3e3000
R15=0x00007fb610295800 is a thread


Stack: [0x00007fb5e8590000,0x00007fb5e8691000],  sp=0x00007fb5e868f6c8,  free space=1021k
Native frames: (J=compiled Java code, j=interpreted, Vv=VM code, C=native code)
v  ~BufferBlob::jni_fast_GetLongField
C  [libX11.so.6+0x64300]  _XimServerDestroy+0x70

Java frames: (J=compiled Java code, j=interpreted, Vv=VM code)
j  sun.awt.X11.XlibWrapper.XFilterEvent(JJ)Z+0
j  sun.awt.X11.XToolkit.run(Z)V+300
j  sun.awt.X11.XToolkit.run()V+5
j  java.lang.Thread.run()V+11
v  ~StubRoutines::call_stub

---------------  P R O C E S S  ---------------

Java Threads: ( => current thread )
  0x00007fb6104ec000 JavaThread "pool-2-thread-1" [_thread_blocked, id=27271, stack(0x00007fb59f5f8000,0x00007fb59f6f9000)]
  0x00007fb6104ea000 JavaThread "peerC3" [_thread_blocked, id=27237, stack(0x00007fb59f6f9000,0x00007fb59f7fa000)]
  0x00007fb6104e8800 JavaThread "peerC4" [_thread_blocked, id=27236, stack(0x00007fb59f7fa000,0x00007fb59f8fb000)]
  0x00007fb6104e6800 JavaThread "peerC1" [_thread_blocked, id=27235, stack(0x00007fb59f8fb000,0x00007fb59f9fc000)]
  0x00007fb6104e5000 JavaThread "peerC2" [_thread_blocked, id=27234, stack(0x00007fb59f9fc000,0x00007fb59fafd000)]
  0x00007fb6104e3000 JavaThread "peerC5" [_thread_blocked, id=27233, stack(0x00007fb59fafd000,0x00007fb59fbfe000)]
  0x00007fb6104e1800 JavaThread "peerC6" [_thread_blocked, id=27232, stack(0x00007fb59fbfe000,0x00007fb59fcff000)]
  0x00007fb61049a000 JavaThread "ExecControlWaitAgFinish" [_thread_blocked, id=27231, stack(0x00007fb59feff000,0x00007fb5a0000000)]
  0x00007fb610437800 JavaThread "Thread-2" [_thread_in_native, id=27230, stack(0x00007fb5b004b000,0x00007fb5b014c000)]
  0x00007fb610432000 JavaThread "server-timer" daemon [_thread_blocked, id=27229, stack(0x00007fb5b014c000,0x00007fb5b024d000)]
  0x00007fb6103ac800 JavaThread "TimerQueue" daemon [_thread_blocked, id=27228, stack(0x00007fb5b044d000,0x00007fb5b054e000)]
  0x00007fb6102de800 JavaThread "AWT-EventQueue-0" [_thread_blocked, id=27226, stack(0x00007fb5e838e000,0x00007fb5e848f000)]
  0x00007fb6102dc800 JavaThread "AWT-Shutdown" [_thread_blocked, id=27225, stack(0x00007fb5e848f000,0x00007fb5e8590000)]
=>0x00007fb610295800 JavaThread "AWT-XAWT" daemon [_thread_in_native, id=27224, stack(0x00007fb5e8590000,0x00007fb5e8691000)]
  0x00007fb610277800 JavaThread "Java2D Disposer" daemon [_thread_blocked, id=27223, stack(0x00007fb5e8aa1000,0x00007fb5e8ba2000)]
  0x00007fb6100d1800 JavaThread "Service Thread" daemon [_thread_blocked, id=27221, stack(0x00007fb5eaa0f000,0x00007fb5eab10000)]
  0x00007fb6100be800 JavaThread "C1 CompilerThread2" daemon [_thread_blocked, id=27220, stack(0x00007fb5eab10000,0x00007fb5eac11000)]
  0x00007fb6100bc800 JavaThread "C2 CompilerThread1" daemon [_thread_blocked, id=27219, stack(0x00007fb5eac11000,0x00007fb5ead12000)]
  0x00007fb6100b9800 JavaThread "C2 CompilerThread0" daemon [_thread_blocked, id=27218, stack(0x00007fb5ead12000,0x00007fb5eae13000)]
  0x00007fb6100b8000 JavaThread "Signal Dispatcher" daemon [_thread_blocked, id=27217, stack(0x00007fb5eae13000,0x00007fb5eaf14000)]
  0x00007fb610085800 JavaThread "Finalizer" daemon [_thread_blocked, id=27216, stack(0x00007fb5eb1f2000,0x00007fb5eb2f3000)]
  0x00007fb610080800 JavaThread "Reference Handler" daemon [_thread_blocked, id=27215, stack(0x00007fb5eb2f3000,0x00007fb5eb3f4000)]
  0x00007fb61000b000 JavaThread "main" [_thread_blocked, id=27205, stack(0x00007fb617eec000,0x00007fb617fed000)]

Other Threads:
  0x00007fb610079000 VMThread [stack: 0x00007fb5eb3f4000,0x00007fb5eb4f5000] [id=27214]
  0x00007fb6100d6800 WatcherThread [stack: 0x00007fb5ea90e000,0x00007fb5eaa0f000] [id=27222]

VM state:not at safepoint (normal execution)

VM Mutex/Monitor currently owned by a thread: None

Heap:
 PSYoungGen      total 36864K, used 26068K [0x00000000d7300000, 0x00000000d9c00000, 0x0000000100000000)
  eden space 31744K, 82% used [0x00000000d7300000,0x00000000d8c752d8,0x00000000d9200000)
  from space 5120K, 0% used [0x00000000d9700000,0x00000000d9700000,0x00000000d9c00000)
  to   space 5120K, 0% used [0x00000000d9200000,0x00000000d9200000,0x00000000d9700000)
 ParOldGen       total 84992K, used 0K [0x0000000085800000, 0x000000008ab00000, 0x00000000d7300000)
  object space 84992K, 0% used [0x0000000085800000,0x0000000085800000,0x000000008ab00000)
 Metaspace       used 19779K, capacity 20030K, committed 20224K, reserved 1067008K
  class space    used 2364K, capacity 2452K, committed 2560K, reserved 1048576K

Card table byte_map: [0x00007fb61484e000,0x00007fb614c23000] byte_map_base: 0x00007fb614422000

Marking Bits: (ParMarkBitMap*) 0x00007fb6173a9280
 Begin Bits: [0x00007fb5f82c0000, 0x00007fb5fa160000)
 End Bits:   [0x00007fb5fa160000, 0x00007fb5fc000000)

Polling page: 0x00007fb618015000

CodeCache: size=245760Kb used=5848Kb max_used=5848Kb free=239911Kb
 bounds [0x00007fb601000000, 0x00007fb6015c0000, 0x00007fb610000000]
 total_blobs=2437 nmethods=1828 adapters=522
 compilation: enabled

Compilation events (10 events):
Event: 10,888 Thread 0x00007fb6100be800 1824       1       javax.swing.text.JTextComponent::getNavigationFilter (5 bytes)
Event: 10,888 Thread 0x00007fb6100be800 nmethod 1824 0x00007fb60158bf50 code [0x00007fb60158c0a0, 0x00007fb60158c1b0]
Event: 10,890 Thread 0x00007fb6100be800 1825       3       java.awt.Rectangle::add (219 bytes)
Event: 10,890 Thread 0x00007fb6100be800 nmethod 1825 0x00007fb60159d150 code [0x00007fb60159d2e0, 0x00007fb60159d8b0]
Event: 10,890 Thread 0x00007fb6100be800 1827       3       javax.swing.JTextArea::getPreferredSize (108 bytes)
Event: 10,892 Thread 0x00007fb6100be800 nmethod 1827 0x00007fb6015b0fd0 code [0x00007fb6015b12c0, 0x00007fb6015b25a8]
Event: 10,892 Thread 0x00007fb6100be800 1828       3       javax.swing.plaf.basic.BasicTextAreaUI::getPreferredSize (6 bytes)
Event: 10,892 Thread 0x00007fb6100be800 nmethod 1828 0x00007fb60159cdd0 code [0x00007fb60159cf40, 0x00007fb60159d0c8]
Event: 10,892 Thread 0x00007fb6100be800 1826   !   3       java.awt.KeyboardFocusManager::processCurrentLightweightRequests (345 bytes)
Event: 10,896 Thread 0x00007fb6100be800 nmethod 1826 0x00007fb6015ac9d0 code [0x00007fb6015ace20, 0x00007fb6015af678]

GC Heap History (0 events):
No events

Deoptimization events (10 events):
Event: 0,938 Thread 0x00007fb61000b000 Uncommon trap: reason=class_check action=maybe_recompile pc=0x00007fb601183068 method=java.lang.String.equals(Ljava/lang/Object;)Z @ 8
Event: 0,938 Thread 0x00007fb61000b000 Uncommon trap: reason=class_check action=maybe_recompile pc=0x00007fb601183068 method=java.lang.String.equals(Ljava/lang/Object;)Z @ 8
Event: 0,938 Thread 0x00007fb61000b000 Uncommon trap: reason=class_check action=maybe_recompile pc=0x00007fb601183068 method=java.lang.String.equals(Ljava/lang/Object;)Z @ 8
Event: 0,938 Thread 0x00007fb61000b000 Uncommon trap: reason=class_check action=maybe_recompile pc=0x00007fb601183068 method=java.lang.String.equals(Ljava/lang/Object;)Z @ 8
Event: 1,021 Thread 0x00007fb61000b000 Uncommon trap: reason=unstable_if action=reinterpret pc=0x00007fb601304e6c method=sun.font.CompositeGlyphMapper.getCachedGlyphCode(I)I @ 19
Event: 7,232 Thread 0x00007fb6102de800 Uncommon trap: reason=class_check action=maybe_recompile pc=0x00007fb601572a54 method=java.util.HashMap.putVal(ILjava/lang/Object;Ljava/lang/Object;ZZ)Ljava/lang/Object; @ 203
Event: 7,232 Thread 0x00007fb6102de800 Uncommon trap: reason=class_check action=maybe_recompile pc=0x00007fb601572a54 method=java.util.HashMap.putVal(ILjava/lang/Object;Ljava/lang/Object;ZZ)Ljava/lang/Object; @ 203
Event: 7,232 Thread 0x00007fb6102de800 Uncommon trap: reason=class_check action=maybe_recompile pc=0x00007fb601572a54 method=java.util.HashMap.putVal(ILjava/lang/Object;Ljava/lang/Object;ZZ)Ljava/lang/Object; @ 203
Event: 7,232 Thread 0x00007fb6102de800 Uncommon trap: reason=class_check action=maybe_recompile pc=0x00007fb601572a54 method=java.util.HashMap.putVal(ILjava/lang/Object;Ljava/lang/Object;ZZ)Ljava/lang/Object; @ 203
Event: 7,232 Thread 0x00007fb6102de800 Uncommon trap: reason=class_check action=maybe_recompile pc=0x00007fb6013f9900 method=java.util.HashMap.putVal(ILjava/lang/Object;Ljava/lang/Object;ZZ)Ljava/lang/Object; @ 203

Classes redefined (0 events):
No events

Internal exceptions (10 events):
Event: 0,520 Thread 0x00007fb61000b000 Exception <a 'java/lang/ArrayIndexOutOfBoundsException'> (0x00000000d7c408a8) thrown at [/HUDSON/workspace/8-2-build-linux-amd64/jdk8u171/10807/hotspot/src/share/vm/runtime/sharedRuntime.cpp, line 605]
Event: 0,521 Thread 0x00007fb61000b000 Exception <a 'java/lang/ArrayIndexOutOfBoundsException'> (0x00000000d7c41860) thrown at [/HUDSON/workspace/8-2-build-linux-amd64/jdk8u171/10807/hotspot/src/share/vm/runtime/sharedRuntime.cpp, line 605]
Event: 0,522 Thread 0x00007fb61000b000 Exception <a 'java/lang/ArrayIndexOutOfBoundsException'> (0x00000000d7c430c0) thrown at [/HUDSON/workspace/8-2-build-linux-amd64/jdk8u171/10807/hotspot/src/share/vm/runtime/sharedRuntime.cpp, line 605]
Event: 0,532 Thread 0x00007fb61000b000 Exception <a 'java/lang/ArrayIndexOutOfBoundsException'> (0x00000000d7c6a8c8) thrown at [/HUDSON/workspace/8-2-build-linux-amd64/jdk8u171/10807/hotspot/src/share/vm/runtime/sharedRuntime.cpp, line 605]
Event: 0,533 Thread 0x00007fb61000b000 Exception <a 'java/lang/ArrayIndexOutOfBoundsException'> (0x00000000d7c6bb30) thrown at [/HUDSON/workspace/8-2-build-linux-amd64/jdk8u171/10807/hotspot/src/share/vm/runtime/sharedRuntime.cpp, line 605]
Event: 0,533 Thread 0x00007fb61000b000 Exception <a 'java/lang/ArrayIndexOutOfBoundsException'> (0x00000000d7c6d0c8) thrown at [/HUDSON/workspace/8-2-build-linux-amd64/jdk8u171/10807/hotspot/src/share/vm/runtime/sharedRuntime.cpp, line 605]
Event: 0,543 Thread 0x00007fb61000b000 Exception <a 'java/lang/ArrayIndexOutOfBoundsException'> (0x00000000d7c93330) thrown at [/HUDSON/workspace/8-2-build-linux-amd64/jdk8u171/10807/hotspot/src/share/vm/runtime/sharedRuntime.cpp, line 605]
Event: 0,548 Thread 0x00007fb61000b000 Exception <a 'java/lang/ArrayIndexOutOfBoundsException'> (0x00000000d7ca1768) thrown at [/HUDSON/workspace/8-2-build-linux-amd64/jdk8u171/10807/hotspot/src/share/vm/runtime/sharedRuntime.cpp, line 605]
Event: 1,021 Thread 0x00007fb61000b000 Implicit null exception at 0x00007fb601304deb to 0x00007fb601304e5d
Event: 1,490 Thread 0x00007fb6102de800 Exception <a 'java/lang/UnsupportedOperationException': > (0x00000000d8649fb8) thrown at [/HUDSON/workspace/8-2-build-linux-amd64/jdk8u171/10807/hotspot/src/share/vm/prims/jni.cpp, line 735]

Events (10 events):
Event: 8,994 Thread 0x00007fb6102de800 DEOPT PACKING pc=0x00007fb601308c15 sp=0x00007fb5e848a6e0
Event: 8,994 Thread 0x00007fb6102de800 DEOPT UNPACKING pc=0x00007fb601047784 sp=0x00007fb5e848a4a8 mode 0
Event: 8,995 Thread 0x00007fb6102de800 DEOPT PACKING pc=0x00007fb601337b3a sp=0x00007fb5e848a5b0
Event: 8,995 Thread 0x00007fb6102de800 DEOPT UNPACKING pc=0x00007fb601047784 sp=0x00007fb5e848a3b8 mode 0
Event: 9,097 Thread 0x00007fb6102de800 DEOPT PACKING pc=0x00007fb60149e16f sp=0x00007fb5e848acb0
Event: 9,097 Thread 0x00007fb6102de800 DEOPT UNPACKING pc=0x00007fb601047784 sp=0x00007fb5e848aa68 mode 0
Event: 9,097 Thread 0x00007fb6102de800 DEOPT PACKING pc=0x00007fb6013434c6 sp=0x00007fb5e848a770
Event: 9,097 Thread 0x00007fb6102de800 DEOPT UNPACKING pc=0x00007fb601047784 sp=0x00007fb5e848a4d8 mode 0
Event: 9,098 Thread 0x00007fb6102de800 DEOPT PACKING pc=0x00007fb601308c15 sp=0x00007fb5e848a770
Event: 9,098 Thread 0x00007fb6102de800 DEOPT UNPACKING pc=0x00007fb601047784 sp=0x00007fb5e848a538 mode 0


Dynamic libraries:
00400000-00401000 r-xp 00000000 08:06 1069368                            /usr/lib/jvm/java-8-oracle/jre/bin/java
00600000-00601000 rw-p 00000000 08:06 1069368                            /usr/lib/jvm/java-8-oracle/jre/bin/java
016af000-016d0000 rw-p 00000000 00:00 0                                  [heap]
85800000-8ab00000 rw-p 00000000 00:00 0 
8ab00000-d7300000 ---p 00000000 00:00 0 
d7300000-d9c00000 rw-p 00000000 00:00 0 
d9c00000-100000000 ---p 00000000 00:00 0 
100000000-100280000 rw-p 00000000 00:00 0 
100280000-140000000 ---p 00000000 00:00 0 
7fb578000000-7fb578021000 rw-p 00000000 00:00 0 
7fb578021000-7fb57c000000 ---p 00000000 00:00 0 
7fb580000000-7fb580021000 rw-p 00000000 00:00 0 
7fb580021000-7fb584000000 ---p 00000000 00:00 0 
7fb584000000-7fb584021000 rw-p 00000000 00:00 0 
7fb584021000-7fb588000000 ---p 00000000 00:00 0 
7fb588000000-7fb588021000 rw-p 00000000 00:00 0 
7fb588021000-7fb58c000000 ---p 00000000 00:00 0 
7fb58c000000-7fb58c021000 rw-p 00000000 00:00 0 
7fb58c021000-7fb590000000 ---p 00000000 00:00 0 
7fb590000000-7fb590021000 rw-p 00000000 00:00 0 
7fb590021000-7fb594000000 ---p 00000000 00:00 0 
7fb594000000-7fb594021000 rw-p 00000000 00:00 0 
7fb594021000-7fb598000000 ---p 00000000 00:00 0 
7fb598000000-7fb598021000 rw-p 00000000 00:00 0 
7fb598021000-7fb59c000000 ---p 00000000 00:00 0 
7fb59f3f8000-7fb59f538000 rw-p 00000000 00:00 0 
7fb59f538000-7fb59f5f8000 ---p 00000000 00:00 0 
7fb59f5f8000-7fb59f5fb000 ---p 00000000 00:00 0 
7fb59f5fb000-7fb59f6f9000 rw-p 00000000 00:00 0 
7fb59f6f9000-7fb59f6fc000 ---p 00000000 00:00 0 
7fb59f6fc000-7fb59f7fa000 rw-p 00000000 00:00 0 
7fb59f7fa000-7fb59f7fd000 ---p 00000000 00:00 0 
7fb59f7fd000-7fb59f8fb000 rw-p 00000000 00:00 0 
7fb59f8fb000-7fb59f8fe000 ---p 00000000 00:00 0 
7fb59f8fe000-7fb59f9fc000 rw-p 00000000 00:00 0 
7fb59f9fc000-7fb59f9ff000 ---p 00000000 00:00 0 
7fb59f9ff000-7fb59fafd000 rw-p 00000000 00:00 0 
7fb59fafd000-7fb59fb00000 ---p 00000000 00:00 0 
7fb59fb00000-7fb59fbfe000 rw-p 00000000 00:00 0 
7fb59fbfe000-7fb59fc01000 ---p 00000000 00:00 0 
7fb59fc01000-7fb59feff000 rw-p 00000000 00:00 0 
7fb59feff000-7fb59ff02000 ---p 00000000 00:00 0 
7fb59ff02000-7fb5a0000000 rw-p 00000000 00:00 0 
7fb5a0000000-7fb5a0021000 rw-p 00000000 00:00 0 
7fb5a0021000-7fb5a4000000 ---p 00000000 00:00 0 
7fb5a4000000-7fb5a4021000 rw-p 00000000 00:00 0 
7fb5a4021000-7fb5a8000000 ---p 00000000 00:00 0 
7fb5a8000000-7fb5a8021000 rw-p 00000000 00:00 0 
7fb5a8021000-7fb5ac000000 ---p 00000000 00:00 0 
7fb5ac000000-7fb5ac021000 rw-p 00000000 00:00 0 
7fb5ac021000-7fb5b0000000 ---p 00000000 00:00 0 
7fb5b004b000-7fb5b004e000 ---p 00000000 00:00 0 
7fb5b004e000-7fb5b014c000 rw-p 00000000 00:00 0 
7fb5b014c000-7fb5b014f000 ---p 00000000 00:00 0 
7fb5b014f000-7fb5b044d000 rw-p 00000000 00:00 0 
7fb5b044d000-7fb5b0450000 ---p 00000000 00:00 0 
7fb5b0450000-7fb5b054e000 rw-p 00000000 00:00 0 
7fb5b054e000-7fb5b0557000 r-xp 00000000 08:06 546388                     /usr/lib/jvm/java-8-oracle/jre/lib/amd64/libmanagement.so
7fb5b0557000-7fb5b0756000 ---p 00009000 08:06 546388                     /usr/lib/jvm/java-8-oracle/jre/lib/amd64/libmanagement.so
7fb5b0756000-7fb5b0757000 rw-p 00008000 08:06 546388                     /usr/lib/jvm/java-8-oracle/jre/lib/amd64/libmanagement.so
7fb5b0757000-7fb5b0957000 rw-p 00000000 00:00 0 
7fb5b0957000-7fb5b09c1000 r-xp 00000000 08:06 546348                     /usr/lib/jvm/java-8-oracle/jre/lib/amd64/libt2k.so
7fb5b09c1000-7fb5b0bc0000 ---p 0006a000 08:06 546348                     /usr/lib/jvm/java-8-oracle/jre/lib/amd64/libt2k.so
7fb5b0bc0000-7fb5b0bc7000 rw-p 00069000 08:06 546348                     /usr/lib/jvm/java-8-oracle/jre/lib/amd64/libt2k.so
7fb5b0bc7000-7fb5b0bd7000 rw-p 00000000 00:00 0 
7fb5b0bd7000-7fb5b0be8000 r-xp 00000000 08:06 546383                     /usr/lib/jvm/java-8-oracle/jre/lib/amd64/libnio.so
7fb5b0be8000-7fb5b0de7000 ---p 00011000 08:06 546383                     /usr/lib/jvm/java-8-oracle/jre/lib/amd64/libnio.so
7fb5b0de7000-7fb5b0de8000 rw-p 00010000 08:06 546383                     /usr/lib/jvm/java-8-oracle/jre/lib/amd64/libnio.so
7fb5b0de8000-7fb5b3de9000 rw-p 00000000 00:00 0 
7fb5b3de9000-7fb5b3dff000 r-xp 00000000 08:06 546380                     /usr/lib/jvm/java-8-oracle/jre/lib/amd64/libnet.so
7fb5b3dff000-7fb5b3fff000 ---p 00016000 08:06 546380                     /usr/lib/jvm/java-8-oracle/jre/lib/amd64/libnet.so
7fb5b3fff000-7fb5b4000000 rw-p 00016000 08:06 546380                     /usr/lib/jvm/java-8-oracle/jre/lib/amd64/libnet.so
7fb5b4000000-7fb5b4021000 rw-p 00000000 00:00 0 
7fb5b4021000-7fb5b8000000 ---p 00000000 00:00 0 
7fb5b8000000-7fb5b803e000 rw-p 00000000 00:00 0 
7fb5b803e000-7fb5bc000000 ---p 00000000 00:00 0 
7fb5bc000000-7fb5bc021000 rw-p 00000000 00:00 0 
7fb5bc021000-7fb5c0000000 ---p 00000000 00:00 0 
7fb5c0000000-7fb5c0031000 rw-p 00000000 00:00 0 
7fb5c0031000-7fb5c4000000 ---p 00000000 00:00 0 
7fb5c4000000-7fb5c4021000 rw-p 00000000 00:00 0 
7fb5c4021000-7fb5c8000000 ---p 00000000 00:00 0 
7fb5c8000000-7fb5c8021000 rw-p 00000000 00:00 0 
7fb5c8021000-7fb5cc000000 ---p 00000000 00:00 0 
7fb5cc000000-7fb5cc315000 rw-p 00000000 00:00 0 
7fb5cc315000-7fb5d0000000 ---p 00000000 00:00 0 
7fb5d0000000-7fb5d086c000 rw-p 00000000 00:00 0 
7fb5d086c000-7fb5d4000000 ---p 00000000 00:00 0 
7fb5d4000000-7fb5d4021000 rw-p 00000000 00:00 0 
7fb5d4021000-7fb5d8000000 ---p 00000000 00:00 0 
7fb5d8000000-7fb5d842c000 rw-p 00000000 00:00 0 
7fb5d842c000-7fb5dc000000 ---p 00000000 00:00 0 
7fb5dc000000-7fb5dc021000 rw-p 00000000 00:00 0 
7fb5dc021000-7fb5e0000000 ---p 00000000 00:00 0 
7fb5e0000000-7fb5e0021000 rw-p 00000000 00:00 0 
7fb5e0021000-7fb5e4000000 ---p 00000000 00:00 0 
7fb5e4000000-7fb5e4021000 rw-p 00000000 00:00 0 
7fb5e4021000-7fb5e8000000 ---p 00000000 00:00 0 
7fb5e808d000-7fb5e8090000 ---p 00000000 00:00 0 
7fb5e8090000-7fb5e838e000 rw-p 00000000 00:00 0 
7fb5e838e000-7fb5e8391000 ---p 00000000 00:00 0 
7fb5e8391000-7fb5e848f000 rw-p 00000000 00:00 0 
7fb5e848f000-7fb5e8492000 ---p 00000000 00:00 0 
7fb5e8492000-7fb5e8590000 rw-p 00000000 00:00 0 
7fb5e8590000-7fb5e8593000 ---p 00000000 00:00 0 
7fb5e8593000-7fb5e8691000 rw-p 00000000 00:00 0 
7fb5e8691000-7fb5e8696000 r-xp 00000000 08:06 797641                     /usr/lib/x86_64-linux-gnu/libXfixes.so.3.1.0
7fb5e8696000-7fb5e8895000 ---p 00005000 08:06 797641                     /usr/lib/x86_64-linux-gnu/libXfixes.so.3.1.0
7fb5e8895000-7fb5e8896000 r--p 00004000 08:06 797641                     /usr/lib/x86_64-linux-gnu/libXfixes.so.3.1.0
7fb5e8896000-7fb5e8897000 rw-p 00005000 08:06 797641                     /usr/lib/x86_64-linux-gnu/libXfixes.so.3.1.0
7fb5e8897000-7fb5e88a0000 r-xp 00000000 08:06 797633                     /usr/lib/x86_64-linux-gnu/libXcursor.so.1.0.2
7fb5e88a0000-7fb5e8a9f000 ---p 00009000 08:06 797633                     /usr/lib/x86_64-linux-gnu/libXcursor.so.1.0.2
7fb5e8a9f000-7fb5e8aa0000 r--p 00008000 08:06 797633                     /usr/lib/x86_64-linux-gnu/libXcursor.so.1.0.2
7fb5e8aa0000-7fb5e8aa1000 rw-p 00009000 08:06 797633                     /usr/lib/x86_64-linux-gnu/libXcursor.so.1.0.2
7fb5e8aa1000-7fb5e8aa4000 ---p 00000000 00:00 0 
7fb5e8aa4000-7fb5e8ba2000 rw-p 00000000 00:00 0 
7fb5e8ba2000-7fb5e8bb8000 r-xp 00000000 08:06 917521                     /lib/x86_64-linux-gnu/libgcc_s.so.1
7fb5e8bb8000-7fb5e8db7000 ---p 00016000 08:06 917521                     /lib/x86_64-linux-gnu/libgcc_s.so.1
7fb5e8db7000-7fb5e8db8000 r--p 00015000 08:06 917521                     /lib/x86_64-linux-gnu/libgcc_s.so.1
7fb5e8db8000-7fb5e8db9000 rw-p 00016000 08:06 917521                     /lib/x86_64-linux-gnu/libgcc_s.so.1
7fb5e8db9000-7fb5e8e1e000 r-xp 00000000 08:06 546360                     /usr/lib/jvm/java-8-oracle/jre/lib/amd64/libfontmanager.so
7fb5e8e1e000-7fb5e901d000 ---p 00065000 08:06 546360                     /usr/lib/jvm/java-8-oracle/jre/lib/amd64/libfontmanager.so
7fb5e901d000-7fb5e9022000 rw-p 00064000 08:06 546360                     /usr/lib/jvm/java-8-oracle/jre/lib/amd64/libfontmanager.so
7fb5e9022000-7fb5e9032000 rw-p 00000000 00:00 0 
7fb5e9032000-7fb5e9045000 r-xp 00000000 08:06 923357                     /lib/x86_64-linux-gnu/libbsd.so.0.8.6
7fb5e9045000-7fb5e9244000 ---p 00013000 08:06 923357                     /lib/x86_64-linux-gnu/libbsd.so.0.8.6
7fb5e9244000-7fb5e9245000 r--p 00012000 08:06 923357                     /lib/x86_64-linux-gnu/libbsd.so.0.8.6
7fb5e9245000-7fb5e9246000 rw-p 00013000 08:06 923357                     /lib/x86_64-linux-gnu/libbsd.so.0.8.6
7fb5e9246000-7fb5e9247000 rw-p 00000000 00:00 0 
7fb5e9247000-7fb5e924c000 r-xp 00000000 08:06 797637                     /usr/lib/x86_64-linux-gnu/libXdmcp.so.6.0.0
7fb5e924c000-7fb5e944b000 ---p 00005000 08:06 797637                     /usr/lib/x86_64-linux-gnu/libXdmcp.so.6.0.0
7fb5e944b000-7fb5e944c000 r--p 00004000 08:06 797637                     /usr/lib/x86_64-linux-gnu/libXdmcp.so.6.0.0
7fb5e944c000-7fb5e944d000 rw-p 00005000 08:06 797637                     /usr/lib/x86_64-linux-gnu/libXdmcp.so.6.0.0
7fb5e944d000-7fb5e944f000 r-xp 00000000 08:06 797626                     /usr/lib/x86_64-linux-gnu/libXau.so.6.0.0
7fb5e944f000-7fb5e964f000 ---p 00002000 08:06 797626                     /usr/lib/x86_64-linux-gnu/libXau.so.6.0.0
7fb5e964f000-7fb5e9650000 r--p 00002000 08:06 797626                     /usr/lib/x86_64-linux-gnu/libXau.so.6.0.0
7fb5e9650000-7fb5e9651000 rw-p 00003000 08:06 797626                     /usr/lib/x86_64-linux-gnu/libXau.so.6.0.0
7fb5e9651000-7fb5e9677000 r-xp 00000000 08:06 798873                     /usr/lib/x86_64-linux-gnu/libxcb.so.1.1.0
7fb5e9677000-7fb5e9876000 ---p 00026000 08:06 798873                     /usr/lib/x86_64-linux-gnu/libxcb.so.1.1.0
7fb5e9876000-7fb5e9877000 r--p 00025000 08:06 798873                     /usr/lib/x86_64-linux-gnu/libxcb.so.1.1.0
7fb5e9877000-7fb5e9878000 rw-p 00026000 08:06 798873                     /usr/lib/x86_64-linux-gnu/libxcb.so.1.1.0
7fb5e9878000-7fb5e9887000 r-xp 00000000 08:06 797649                     /usr/lib/x86_64-linux-gnu/libXi.so.6.1.0
7fb5e9887000-7fb5e9a86000 ---p 0000f000 08:06 797649                     /usr/lib/x86_64-linux-gnu/libXi.so.6.1.0
7fb5e9a86000-7fb5e9a87000 r--p 0000e000 08:06 797649                     /usr/lib/x86_64-linux-gnu/libXi.so.6.1.0
7fb5e9a87000-7fb5e9a88000 rw-p 0000f000 08:06 797649                     /usr/lib/x86_64-linux-gnu/libXi.so.6.1.0
7fb5e9a88000-7fb5e9a8d000 r-xp 00000000 08:06 797667                     /usr/lib/x86_64-linux-gnu/libXtst.so.6.1.0
7fb5e9a8d000-7fb5e9c8c000 ---p 00005000 08:06 797667                     /usr/lib/x86_64-linux-gnu/libXtst.so.6.1.0
7fb5e9c8c000-7fb5e9c8d000 r--p 00004000 08:06 797667                     /usr/lib/x86_64-linux-gnu/libXtst.so.6.1.0
7fb5e9c8d000-7fb5e9c8e000 rw-p 00005000 08:06 797667                     /usr/lib/x86_64-linux-gnu/libXtst.so.6.1.0
7fb5e9c8e000-7fb5e9c97000 r-xp 00000000 08:06 797661                     /usr/lib/x86_64-linux-gnu/libXrender.so.1.3.0
7fb5e9c97000-7fb5e9e96000 ---p 00009000 08:06 797661                     /usr/lib/x86_64-linux-gnu/libXrender.so.1.3.0
7fb5e9e96000-7fb5e9e97000 r--p 00008000 08:06 797661                     /usr/lib/x86_64-linux-gnu/libXrender.so.1.3.0
7fb5e9e97000-7fb5e9e98000 rw-p 00009000 08:06 797661                     /usr/lib/x86_64-linux-gnu/libXrender.so.1.3.0
7fb5e9e98000-7fb5e9fcc000 r-xp 00000000 08:06 797622                     /usr/lib/x86_64-linux-gnu/libX11.so.6.3.0
7fb5e9fcc000-7fb5ea1cc000 ---p 00134000 08:06 797622                     /usr/lib/x86_64-linux-gnu/libX11.so.6.3.0
7fb5ea1cc000-7fb5ea1cd000 r--p 00134000 08:06 797622                     /usr/lib/x86_64-linux-gnu/libX11.so.6.3.0
7fb5ea1cd000-7fb5ea1d1000 rw-p 00135000 08:06 797622                     /usr/lib/x86_64-linux-gnu/libX11.so.6.3.0
7fb5ea1d1000-7fb5ea1e2000 r-xp 00000000 08:06 797639                     /usr/lib/x86_64-linux-gnu/libXext.so.6.4.0
7fb5ea1e2000-7fb5ea3e1000 ---p 00011000 08:06 797639                     /usr/lib/x86_64-linux-gnu/libXext.so.6.4.0
7fb5ea3e1000-7fb5ea3e2000 r--p 00010000 08:06 797639                     /usr/lib/x86_64-linux-gnu/libXext.so.6.4.0
7fb5ea3e2000-7fb5ea3e3000 rw-p 00011000 08:06 797639                     /usr/lib/x86_64-linux-gnu/libXext.so.6.4.0
7fb5ea3e3000-7fb5ea437000 r-xp 00000000 08:06 546387                     /usr/lib/jvm/java-8-oracle/jre/lib/amd64/libawt_xawt.so
7fb5ea437000-7fb5ea637000 ---p 00054000 08:06 546387                     /usr/lib/jvm/java-8-oracle/jre/lib/amd64/libawt_xawt.so
7fb5ea637000-7fb5ea63b000 rw-p 00054000 08:06 546387                     /usr/lib/jvm/java-8-oracle/jre/lib/amd64/libawt_xawt.so
7fb5ea63b000-7fb5ea63c000 rw-p 00000000 00:00 0 
7fb5ea63c000-7fb5ea6de000 r-xp 00000000 08:06 546373                     /usr/lib/jvm/java-8-oracle/jre/lib/amd64/libawt.so
7fb5ea6de000-7fb5ea8de000 ---p 000a2000 08:06 546373                     /usr/lib/jvm/java-8-oracle/jre/lib/amd64/libawt.so
7fb5ea8de000-7fb5ea8ea000 rw-p 000a2000 08:06 546373                     /usr/lib/jvm/java-8-oracle/jre/lib/amd64/libawt.so
7fb5ea8ea000-7fb5ea90e000 rw-p 00000000 00:00 0 
7fb5ea90e000-7fb5ea90f000 ---p 00000000 00:00 0 
7fb5ea90f000-7fb5eaa0f000 rw-p 00000000 00:00 0 
7fb5eaa0f000-7fb5eaa12000 ---p 00000000 00:00 0 
7fb5eaa12000-7fb5eab10000 rw-p 00000000 00:00 0 
7fb5eab10000-7fb5eab13000 ---p 00000000 00:00 0 
7fb5eab13000-7fb5eac11000 rw-p 00000000 00:00 0 
7fb5eac11000-7fb5eac14000 ---p 00000000 00:00 0 
7fb5eac14000-7fb5ead12000 rw-p 00000000 00:00 0 
7fb5ead12000-7fb5ead15000 ---p 00000000 00:00 0 
7fb5ead15000-7fb5eae13000 rw-p 00000000 00:00 0 
7fb5eae13000-7fb5eae16000 ---p 00000000 00:00 0 
7fb5eae16000-7fb5eaf14000 rw-p 00000000 00:00 0 
7fb5eaf14000-7fb5eb1f2000 r--p 00000000 08:06 796024                     /usr/lib/locale/locale-archive
7fb5eb1f2000-7fb5eb1f5000 ---p 00000000 00:00 0 
7fb5eb1f5000-7fb5eb2f3000 rw-p 00000000 00:00 0 
7fb5eb2f3000-7fb5eb2f6000 ---p 00000000 00:00 0 
7fb5eb2f6000-7fb5eb3f4000 rw-p 00000000 00:00 0 
7fb5eb3f4000-7fb5eb3f5000 ---p 00000000 00:00 0 
7fb5eb3f5000-7fb5ec000000 rw-p 00000000 00:00 0 
7fb5ec000000-7fb5ec021000 rw-p 00000000 00:00 0 
7fb5ec021000-7fb5f0000000 ---p 00000000 00:00 0 
7fb5f0000000-7fb5f0021000 rw-p 00000000 00:00 0 
7fb5f0021000-7fb5f4000000 ---p 00000000 00:00 0 
7fb5f4000000-7fb5f4021000 rw-p 00000000 00:00 0 
7fb5f4021000-7fb5f8000000 ---p 00000000 00:00 0 
7fb5f80be000-7fb5fc000000 rw-p 00000000 00:00 0 
7fb5fc000000-7fb5fc021000 rw-p 00000000 00:00 0 
7fb5fc021000-7fb600000000 ---p 00000000 00:00 0 
7fb600050000-7fb600252000 rw-p 00000000 00:00 0 
7fb600252000-7fb60042c000 r--s 03d68000 08:06 432089                     /usr/lib/jvm/java-8-oracle/jre/lib/rt.jar
7fb60042c000-7fb601000000 rw-p 00000000 00:00 0 
7fb601000000-7fb6015c0000 rwxp 00000000 00:00 0 
7fb6015c0000-7fb610000000 ---p 00000000 00:00 0 
7fb610000000-7fb610723000 rw-p 00000000 00:00 0 
7fb610723000-7fb614000000 ---p 00000000 00:00 0 
7fb61401d000-7fb614030000 r--s 00345000 08:06 432098                     /usr/lib/jvm/java-8-oracle/jre/lib/resources.jar
7fb614030000-7fb614037000 r--s 00000000 08:06 6698                       /usr/lib/x86_64-linux-gnu/gconv/gconv-modules.cache
7fb614037000-7fb614057000 r--p 00000000 08:06 1058188                    /usr/share/locale-langpack/pt_BR/LC_MESSAGES/libc.mo
7fb614057000-7fb614073000 r--s 00393000 08:06 275007                     /usr/lib/jvm/java-8-oracle/jre/lib/ext/cldrdata.jar
7fb614073000-7fb6141bc000 rw-p 00000000 00:00 0 
7fb6141bc000-7fb6141bd000 ---p 00000000 00:00 0 
7fb6141bd000-7fb6142bd000 rw-p 00000000 00:00 0 
7fb6142bd000-7fb6142be000 ---p 00000000 00:00 0 
7fb6142be000-7fb6143be000 rw-p 00000000 00:00 0 
7fb6143be000-7fb6143bf000 ---p 00000000 00:00 0 
7fb6143bf000-7fb6144bf000 rw-p 00000000 00:00 0 
7fb6144bf000-7fb6144c0000 ---p 00000000 00:00 0 
7fb6144c0000-7fb6145ea000 rw-p 00000000 00:00 0 
7fb6145ea000-7fb61484e000 ---p 00000000 00:00 0 
7fb61484e000-7fb614878000 rw-p 00000000 00:00 0 
7fb614878000-7fb614adb000 ---p 00000000 00:00 0 
7fb614adb000-7fb614af0000 rw-p 00000000 00:00 0 
7fb614af0000-7fb614c22000 ---p 00000000 00:00 0 
7fb614c22000-7fb614c3a000 rw-p 00000000 00:00 0 
7fb614c3a000-7fb614fe3000 ---p 00000000 00:00 0 
7fb614fe3000-7fb614ffe000 r-xp 00000000 08:06 546376                     /usr/lib/jvm/java-8-oracle/jre/lib/amd64/libzip.so
7fb614ffe000-7fb6151fe000 ---p 0001b000 08:06 546376                     /usr/lib/jvm/java-8-oracle/jre/lib/amd64/libzip.so
7fb6151fe000-7fb6151ff000 rw-p 0001b000 08:06 546376                     /usr/lib/jvm/java-8-oracle/jre/lib/amd64/libzip.so
7fb6151ff000-7fb61520a000 r-xp 00000000 08:06 922799                     /lib/x86_64-linux-gnu/libnss_files-2.26.so
7fb61520a000-7fb615409000 ---p 0000b000 08:06 922799                     /lib/x86_64-linux-gnu/libnss_files-2.26.so
7fb615409000-7fb61540a000 r--p 0000a000 08:06 922799                     /lib/x86_64-linux-gnu/libnss_files-2.26.so
7fb61540a000-7fb61540b000 rw-p 0000b000 08:06 922799                     /lib/x86_64-linux-gnu/libnss_files-2.26.so
7fb61540b000-7fb615411000 rw-p 00000000 00:00 0 
7fb615411000-7fb61541c000 r-xp 00000000 08:06 922912                     /lib/x86_64-linux-gnu/libnss_nis-2.26.so
7fb61541c000-7fb61561b000 ---p 0000b000 08:06 922912                     /lib/x86_64-linux-gnu/libnss_nis-2.26.so
7fb61561b000-7fb61561c000 r--p 0000a000 08:06 922912                     /lib/x86_64-linux-gnu/libnss_nis-2.26.so
7fb61561c000-7fb61561d000 rw-p 0000b000 08:06 922912                     /lib/x86_64-linux-gnu/libnss_nis-2.26.so
7fb61561d000-7fb615634000 r-xp 00000000 08:06 917601                     /lib/x86_64-linux-gnu/libnsl-2.26.so
7fb615634000-7fb615833000 ---p 00017000 08:06 917601                     /lib/x86_64-linux-gnu/libnsl-2.26.so
7fb615833000-7fb615834000 r--p 00016000 08:06 917601                     /lib/x86_64-linux-gnu/libnsl-2.26.so
7fb615834000-7fb615835000 rw-p 00017000 08:06 917601                     /lib/x86_64-linux-gnu/libnsl-2.26.so
7fb615835000-7fb615837000 rw-p 00000000 00:00 0 
7fb615837000-7fb61583f000 r-xp 00000000 08:06 917602                     /lib/x86_64-linux-gnu/libnss_compat-2.26.so
7fb61583f000-7fb615a3e000 ---p 00008000 08:06 917602                     /lib/x86_64-linux-gnu/libnss_compat-2.26.so
7fb615a3e000-7fb615a3f000 r--p 00007000 08:06 917602                     /lib/x86_64-linux-gnu/libnss_compat-2.26.so
7fb615a3f000-7fb615a40000 rw-p 00008000 08:06 917602                     /lib/x86_64-linux-gnu/libnss_compat-2.26.so
7fb615a40000-7fb615a6b000 r-xp 00000000 08:06 546370                     /usr/lib/jvm/java-8-oracle/jre/lib/amd64/libjava.so
7fb615a6b000-7fb615c6a000 ---p 0002b000 08:06 546370                     /usr/lib/jvm/java-8-oracle/jre/lib/amd64/libjava.so
7fb615c6a000-7fb615c6c000 rw-p 0002a000 08:06 546370                     /usr/lib/jvm/java-8-oracle/jre/lib/amd64/libjava.so
7fb615c6c000-7fb615c79000 r-xp 00000000 08:06 546375                     /usr/lib/jvm/java-8-oracle/jre/lib/amd64/libverify.so
7fb615c79000-7fb615e79000 ---p 0000d000 08:06 546375                     /usr/lib/jvm/java-8-oracle/jre/lib/amd64/libverify.so
7fb615e79000-7fb615e7b000 rw-p 0000d000 08:06 546375                     /usr/lib/jvm/java-8-oracle/jre/lib/amd64/libverify.so
7fb615e7b000-7fb615e82000 r-xp 00000000 08:06 922961                     /lib/x86_64-linux-gnu/librt-2.26.so
7fb615e82000-7fb616081000 ---p 00007000 08:06 922961                     /lib/x86_64-linux-gnu/librt-2.26.so
7fb616081000-7fb616082000 r--p 00006000 08:06 922961                     /lib/x86_64-linux-gnu/librt-2.26.so
7fb616082000-7fb616083000 rw-p 00007000 08:06 922961                     /lib/x86_64-linux-gnu/librt-2.26.so
7fb616083000-7fb6161d8000 r-xp 00000000 08:06 917598                     /lib/x86_64-linux-gnu/libm-2.26.so
7fb6161d8000-7fb6163d7000 ---p 00155000 08:06 917598                     /lib/x86_64-linux-gnu/libm-2.26.so
7fb6163d7000-7fb6163d8000 r--p 00154000 08:06 917598                     /lib/x86_64-linux-gnu/libm-2.26.so
7fb6163d8000-7fb6163d9000 rw-p 00155000 08:06 917598                     /lib/x86_64-linux-gnu/libm-2.26.so
7fb6163d9000-7fb6170b2000 r-xp 00000000 08:06 666071                     /usr/lib/jvm/java-8-oracle/jre/lib/amd64/server/libjvm.so
7fb6170b2000-7fb6172b1000 ---p 00cd9000 08:06 666071                     /usr/lib/jvm/java-8-oracle/jre/lib/amd64/server/libjvm.so
7fb6172b1000-7fb61738b000 rw-p 00cd8000 08:06 666071                     /usr/lib/jvm/java-8-oracle/jre/lib/amd64/server/libjvm.so
7fb61738b000-7fb6173d6000 rw-p 00000000 00:00 0 
7fb6173d6000-7fb6175ac000 r-xp 00000000 08:06 917594                     /lib/x86_64-linux-gnu/libc-2.26.so
7fb6175ac000-7fb6177ac000 ---p 001d6000 08:06 917594                     /lib/x86_64-linux-gnu/libc-2.26.so
7fb6177ac000-7fb6177b0000 r--p 001d6000 08:06 917594                     /lib/x86_64-linux-gnu/libc-2.26.so
7fb6177b0000-7fb6177b2000 rw-p 001da000 08:06 917594                     /lib/x86_64-linux-gnu/libc-2.26.so
7fb6177b2000-7fb6177b6000 rw-p 00000000 00:00 0 
7fb6177b6000-7fb6177b9000 r-xp 00000000 08:06 917597                     /lib/x86_64-linux-gnu/libdl-2.26.so
7fb6177b9000-7fb6179b8000 ---p 00003000 08:06 917597                     /lib/x86_64-linux-gnu/libdl-2.26.so
7fb6179b8000-7fb6179b9000 r--p 00002000 08:06 917597                     /lib/x86_64-linux-gnu/libdl-2.26.so
7fb6179b9000-7fb6179ba000 rw-p 00003000 08:06 917597                     /lib/x86_64-linux-gnu/libdl-2.26.so
7fb6179ba000-7fb6179d0000 r-xp 00000000 08:06 666067                     /usr/lib/jvm/java-8-oracle/jre/lib/amd64/jli/libjli.so
7fb6179d0000-7fb617bcf000 ---p 00016000 08:06 666067                     /usr/lib/jvm/java-8-oracle/jre/lib/amd64/jli/libjli.so
7fb617bcf000-7fb617bd0000 rw-p 00015000 08:06 666067                     /usr/lib/jvm/java-8-oracle/jre/lib/amd64/jli/libjli.so
7fb617bd0000-7fb617bea000 r-xp 00000000 08:06 922959                     /lib/x86_64-linux-gnu/libpthread-2.26.so
7fb617bea000-7fb617de9000 ---p 0001a000 08:06 922959                     /lib/x86_64-linux-gnu/libpthread-2.26.so
7fb617de9000-7fb617dea000 r--p 00019000 08:06 922959                     /lib/x86_64-linux-gnu/libpthread-2.26.so
7fb617dea000-7fb617deb000 rw-p 0001a000 08:06 922959                     /lib/x86_64-linux-gnu/libpthread-2.26.so
7fb617deb000-7fb617def000 rw-p 00000000 00:00 0 
7fb617def000-7fb617e16000 r-xp 00000000 08:06 917590                     /lib/x86_64-linux-gnu/ld-2.26.so
7fb617e1c000-7fb617e21000 r--s 002f9000 08:06 432087                     /usr/lib/jvm/java-8-oracle/jre/lib/charsets.jar
7fb617e21000-7fb617eec000 rw-p 00000000 00:00 0 
7fb617eec000-7fb617eef000 ---p 00000000 00:00 0 
7fb617eef000-7fb617ff1000 rw-p 00000000 00:00 0 
7fb617ff1000-7fb617ff5000 rw-s 00000000 00:05 3145745                    /SYSV00000000 (deleted)
7fb617ff5000-7fb617fff000 r--s 00116000 08:06 275199                     /usr/lib/jvm/java-8-oracle/jre/lib/ext/localedata.jar
7fb617fff000-7fb61800c000 r--s 000e5000 08:07 2038821                    /home/helio/Downloads/jason/libs/jason-2.2.jar
7fb61800c000-7fb618014000 rw-s 00000000 08:06 663802                     /tmp/hsperfdata_helio/27204
7fb618014000-7fb618015000 rw-p 00000000 00:00 0 
7fb618015000-7fb618016000 r--p 00000000 00:00 0 
7fb618016000-7fb618017000 r--p 00027000 08:06 917590                     /lib/x86_64-linux-gnu/ld-2.26.so
7fb618017000-7fb618018000 rw-p 00028000 08:06 917590                     /lib/x86_64-linux-gnu/ld-2.26.so
7fb618018000-7fb618019000 rw-p 00000000 00:00 0 
7ffce8d05000-7ffce8d26000 rw-p 00000000 00:00 0                          [stack]
7ffce8d46000-7ffce8d49000 r--p 00000000 00:00 0                          [vvar]
7ffce8d49000-7ffce8d4b000 r-xp 00000000 00:00 0                          [vdso]
ffffffffff600000-ffffffffff601000 r-xp 00000000 00:00 0                  [vsyscall]

VM Arguments:
java_command: jason.infra.centralised.RunCentralisedMAS ex3_bikakis.mas2j -debug
java_class_path (initial): /home/helio/eclipse-workspace/ex3_bikakis:/home/helio/eclipse-workspace/ex3_bikakis/bin/classes:/home/helio/Downloads/jason/libs/jason-2.2.jar
Launcher Type: SUN_STANDARD

Environment Variables:
JAVA_HOME=/usr/lib/jvm/java-8-oracle
PATH=/home/helio/bin:/usr/local/sbin:/usr/local/bin:/usr/sbin:/usr/bin:/sbin:/bin:/usr/games:/usr/local/games:/snap/bin:/usr/lib/jvm/java-8-oracle/bin:/usr/lib/jvm/java-8-oracle/db/bin:/usr/lib/jvm/java-8-oracle/jre/bin
USERNAME=helio
SHELL=/bin/bash
DISPLAY=:1

Signal Handlers:
SIGSEGV: [libjvm.so+0xad0890], sa_mask[0]=11111111011111111101111111111110, sa_flags=SA_RESTART|SA_SIGINFO
SIGBUS: [libjvm.so+0xad0890], sa_mask[0]=11111111011111111101111111111110, sa_flags=SA_RESTART|SA_SIGINFO
SIGFPE: [libjvm.so+0x928640], sa_mask[0]=11111111011111111101111111111110, sa_flags=SA_RESTART|SA_SIGINFO
SIGPIPE: [libjvm.so+0x928640], sa_mask[0]=11111111011111111101111111111110, sa_flags=SA_RESTART|SA_SIGINFO
SIGXFSZ: [libjvm.so+0x928640], sa_mask[0]=11111111011111111101111111111110, sa_flags=SA_RESTART|SA_SIGINFO
SIGILL: [libjvm.so+0x928640], sa_mask[0]=11111111011111111101111111111110, sa_flags=SA_RESTART|SA_SIGINFO
SIGUSR1: SIG_DFL, sa_mask[0]=00000000000000000000000000000000, sa_flags=none
SIGUSR2: [libjvm.so+0x929ea0], sa_mask[0]=00100000000000000000000000000000, sa_flags=SA_RESTART|SA_SIGINFO
SIGHUP: [libjvm.so+0x92b2a0], sa_mask[0]=11111111011111111101111111111110, sa_flags=SA_RESTART|SA_SIGINFO
SIGINT: [libjvm.so+0x92b2a0], sa_mask[0]=11111111011111111101111111111110, sa_flags=SA_RESTART|SA_SIGINFO
SIGTERM: [libjvm.so+0x92b2a0], sa_mask[0]=11111111011111111101111111111110, sa_flags=SA_RESTART|SA_SIGINFO
SIGQUIT: [libjvm.so+0x92b2a0], sa_mask[0]=11111111011111111101111111111110, sa_flags=SA_RESTART|SA_SIGINFO


---------------  S Y S T E M  ---------------

OS:DISTRIB_ID=Ubuntu
DISTRIB_RELEASE=17.10
DISTRIB_CODENAME=artful
DISTRIB_DESCRIPTION="Ubuntu 17.10"

uname:Linux 4.13.0-46-generic #51-Ubuntu SMP Tue Jun 12 12:36:29 UTC 2018 x86_64
libc:glibc 2.26 NPTL 2.26 
rlimit: STACK 8192k, CORE 0k, NPROC 31113, NOFILE 1048576, AS infinity
load average:0,72 0,55 0,39

/proc/meminfo:
MemTotal:        8026740 kB
MemFree:         1916232 kB
MemAvailable:    3994072 kB
Buffers:          538440 kB
Cached:          1487032 kB
SwapCached:            0 kB
Active:          4378760 kB
Inactive:        1056836 kB
Active(anon):    3059012 kB
Inactive(anon):   317680 kB
Active(file):    1319748 kB
Inactive(file):   739156 kB
Unevictable:          48 kB
Mlocked:              48 kB
SwapTotal:       1951740 kB
SwapFree:        1951740 kB
Dirty:              1004 kB
Writeback:             0 kB
AnonPages:       3410176 kB
Mapped:           573880 kB
Shmem:             48052 kB
Slab:             411256 kB
SReclaimable:     324864 kB
SUnreclaim:        86392 kB
KernelStack:       14912 kB
PageTables:        65372 kB
NFS_Unstable:          0 kB
Bounce:                0 kB
WritebackTmp:          0 kB
CommitLimit:     5965108 kB
Committed_AS:   11064272 kB
VmallocTotal:   34359738367 kB
VmallocUsed:           0 kB
VmallocChunk:          0 kB
HardwareCorrupted:     0 kB
AnonHugePages:      2048 kB
ShmemHugePages:        0 kB
ShmemPmdMapped:        0 kB
CmaTotal:              0 kB
CmaFree:               0 kB
HugePages_Total:       0
HugePages_Free:        0
HugePages_Rsvd:        0
HugePages_Surp:        0
Hugepagesize:       2048 kB
DirectMap4k:      751608 kB
DirectMap2M:     7495680 kB


CPU:total 4 (initial active 4) (2 cores per cpu, 2 threads per core) family 6 model 58 stepping 9, cmov, cx8, fxsr, mmx, sse, sse2, sse3, ssse3, sse4.1, sse4.2, popcnt, avx, aes, clmul, erms, ht, tsc, tscinvbit, tscinv

/proc/cpuinfo:
processor	: 0
vendor_id	: GenuineIntel
cpu family	: 6
model		: 58
model name	: Intel(R) Core(TM) i5-3320M CPU @ 2.60GHz
stepping	: 9
microcode	: 0x1f
cpu MHz		: 3092.779
cache size	: 3072 KB
physical id	: 0
siblings	: 4
core id		: 0
cpu cores	: 2
apicid		: 0
initial apicid	: 0
fpu		: yes
fpu_exception	: yes
cpuid level	: 13
wp		: yes
flags		: fpu vme de pse tsc msr pae mce cx8 apic sep mtrr pge mca cmov pat pse36 clflush dts acpi mmx fxsr sse sse2 ss ht tm pbe syscall nx rdtscp lm constant_tsc arch_perfmon pebs bts rep_good nopl xtopology nonstop_tsc cpuid aperfmperf pni pclmulqdq dtes64 monitor ds_cpl vmx smx est tm2 ssse3 cx16 xtpr pdcm pcid sse4_1 sse4_2 x2apic popcnt tsc_deadline_timer aes xsave avx f16c rdrand lahf_lm cpuid_fault epb pti retpoline spec_ctrl tpr_shadow vnmi flexpriority ept vpid fsgsbase smep erms xsaveopt dtherm ida arat pln pts
bugs		: cpu_meltdown spectre_v1 spectre_v2 spec_store_bypass
bogomips	: 5187.86
clflush size	: 64
cache_alignment	: 64
address sizes	: 36 bits physical, 48 bits virtual
power management:

processor	: 1
vendor_id	: GenuineIntel
cpu family	: 6
model		: 58
model name	: Intel(R) Core(TM) i5-3320M CPU @ 2.60GHz
stepping	: 9
microcode	: 0x1f
cpu MHz		: 3092.779
cache size	: 3072 KB
physical id	: 0
siblings	: 4
core id		: 0
cpu cores	: 2
apicid		: 1
initial apicid	: 1
fpu		: yes
fpu_exception	: yes
cpuid level	: 13
wp		: yes
flags		: fpu vme de pse tsc msr pae mce cx8 apic sep mtrr pge mca cmov pat pse36 clflush dts acpi mmx fxsr sse sse2 ss ht tm pbe syscall nx rdtscp lm constant_tsc arch_perfmon pebs bts rep_good nopl xtopology nonstop_tsc cpuid aperfmperf pni pclmulqdq dtes64 monitor ds_cpl vmx smx est tm2 ssse3 cx16 xtpr pdcm pcid sse4_1 sse4_2 x2apic popcnt tsc_deadline_timer aes xsave avx f16c rdrand lahf_lm cpuid_fault epb pti retpoline spec_ctrl tpr_shadow vnmi flexpriority ept vpid fsgsbase smep erms xsaveopt dtherm ida arat pln pts
bugs		: cpu_meltdown spectre_v1 spectre_v2 spec_store_bypass
bogomips	: 5187.86
clflush size	: 64
cache_alignment	: 64
address sizes	: 36 bits physical, 48 bits virtual
power management:

processor	: 2
vendor_id	: GenuineIntel
cpu family	: 6
model		: 58
model name	: Intel(R) Core(TM) i5-3320M CPU @ 2.60GHz
stepping	: 9
microcode	: 0x1f
cpu MHz		: 3092.765
cache size	: 3072 KB
physical id	: 0
siblings	: 4
core id		: 1
cpu cores	: 2
apicid		: 2
initial apicid	: 2
fpu		: yes
fpu_exception	: yes
cpuid level	: 13
wp		: yes
flags		: fpu vme de pse tsc msr pae mce cx8 apic sep mtrr pge mca cmov pat pse36 clflush dts acpi mmx fxsr sse sse2 ss ht tm pbe syscall nx rdtscp lm constant_tsc arch_perfmon pebs bts rep_good nopl xtopology nonstop_tsc cpuid aperfmperf pni pclmulqdq dtes64 monitor ds_cpl vmx smx est tm2 ssse3 cx16 xtpr pdcm pcid sse4_1 sse4_2 x2apic popcnt tsc_deadline_timer aes xsave avx f16c rdrand lahf_lm cpuid_fault epb pti retpoline spec_ctrl tpr_shadow vnmi flexpriority ept vpid fsgsbase smep erms xsaveopt dtherm ida arat pln pts
bugs		: cpu_meltdown spectre_v1 spectre_v2 spec_store_bypass
bogomips	: 5187.86
clflush size	: 64
cache_alignment	: 64
address sizes	: 36 bits physical, 48 bits virtual
power management:

processor	: 3
vendor_id	: GenuineIntel
cpu family	: 6
model		: 58
model name	: Intel(R) Core(TM) i5-3320M CPU @ 2.60GHz
stepping	: 9
microcode	: 0x1f
cpu MHz		: 3092.765
cache size	: 3072 KB
physical id	: 0
siblings	: 4
core id		: 1
cpu cores	: 2
apicid		: 3
initial apicid	: 3
fpu		: yes
fpu_exception	: yes
cpuid level	: 13
wp		: yes
flags		: fpu vme de pse tsc msr pae mce cx8 apic sep mtrr pge mca cmov pat pse36 clflush dts acpi mmx fxsr sse sse2 ss ht tm pbe syscall nx rdtscp lm constant_tsc arch_perfmon pebs bts rep_good nopl xtopology nonstop_tsc cpuid aperfmperf pni pclmulqdq dtes64 monitor ds_cpl vmx smx est tm2 ssse3 cx16 xtpr pdcm pcid sse4_1 sse4_2 x2apic popcnt tsc_deadline_timer aes xsave avx f16c rdrand lahf_lm cpuid_fault epb pti retpoline spec_ctrl tpr_shadow vnmi flexpriority ept vpid fsgsbase smep erms xsaveopt dtherm ida arat pln pts
bugs		: cpu_meltdown spectre_v1 spectre_v2 spec_store_bypass
bogomips	: 5187.86
clflush size	: 64
cache_alignment	: 64
address sizes	: 36 bits physical, 48 bits virtual
power management:



Memory: 4k page, physical 8026740k(1915924k free), swap 1951740k(1951740k free)

vm_info: Java HotSpot(TM) 64-Bit Server VM (25.171-b11) for linux-amd64 JRE (1.8.0_171-b11), built on Mar 28 2018 17:07:08 by "java_re" with gcc 4.3.0 20080428 (Red Hat 4.3.0-8)

time: Wed Jul 18 13:51:39 2018
elapsed time: 11 seconds (0d 0h 0m 11s)

